[colorlib.com/etc/bforms/colorlib-booking-1/index.html]
[backblue.gif]
[fade.gif]
[index.html]
[colorlib.com/etc/bforms/colorlib-booking-1/css/bootstrap.min.css]
[colorlib.com/etc/bforms/colorlib-booking-1/css/style.css]
[colorlib.com/etc/bforms/colorlib-booking-1/index.html]
[colorlib.com/etc/bforms/colorlib-booking-1/fonts/glyphicons-halflings-regular.eot]
[colorlib.com/etc/bforms/colorlib-booking-1/fonts/glyphicons-halflings-regulard41d.eot]
[colorlib.com/etc/bforms/colorlib-booking-1/fonts/glyphicons-halflings-regular.woff2]
[colorlib.com/etc/bforms/colorlib-booking-1/fonts/glyphicons-halflings-regular.woff]
[colorlib.com/etc/bforms/colorlib-booking-1/fonts/glyphicons-halflings-regular.ttf]
[colorlib.com/etc/bforms/colorlib-booking-1/fonts/glyphicons-halflings-regular.svg]
[colorlib.com/etc/bforms/colorlib-booking-1/css/bootstrap.min.css]
[colorlib.com/etc/bforms/colorlib-booking-1/img/background.jpg]
[colorlib.com/etc/bforms/colorlib-booking-1/css/style.css]
[colorlib.com/cdn-cgi/zaraz/sd0d9.js]
[colorlib.com/etc/bforms/colorlib-booking-1/fonts/glyphicons-halflings-regular.html]
[colorlib.com/etc/bforms/colorlib-booking-1/fonts/glyphicons-halflings-regulard41d.html]
[colorlib.com/etc/bforms/colorlib-booking-1/fonts/glyphicons-halflings-regular-2.html]
[colorlib.com/etc/bforms/colorlib-booking-1/fonts/glyphicons-halflings-regular-3.html]
[colorlib.com/etc/bforms/colorlib-booking-1/fonts/glyphicons-halflings-regular-4.html]
[colorlib.com/etc/bforms/colorlib-booking-1/fonts/glyphicons-halflings-regular-5.html]
